Using pre-set license
Built from '2020.3/staging' branch; Version is '2020.3.30f1 (1fb1bf06830e) revision 2077119'; Using compiler version '192528614'; Build Type 'Release'
OS: 'Windows 10  (10.0.19045) 64bit Core' Language: 'en' Physical Memory: 32617 MB
BatchMode: 1, IsHumanControllingUs: 0, StartBugReporterOnCrash: 0, Is64bit: 1, IsPro: 0

COMMAND LINE ARGUMENTS:
C:\Program Files\Unity\Hub\Editor\2020.3.30f1\Editor\Unity.exe
-adb2
-batchMode
-noUpm
-name
AssetImportWorker0
-projectPath
C:/Users/lulul/Documents/_Vault/Vtol Vr Modding/BCATF4PII/F_4_Phantom_II/BCAT-F4PII
-logFile
Logs/AssetImportWorker0.log
-srvPort
49291
Successfully changed project path to: C:/Users/lulul/Documents/_Vault/Vtol Vr Modding/BCATF4PII/F_4_Phantom_II/BCAT-F4PII
C:/Users/lulul/Documents/_Vault/Vtol Vr Modding/BCATF4PII/F_4_Phantom_II/BCAT-F4PII
Using Asset Import Pipeline V2.
Refreshing native plugins compatible for Editor in 131.88 ms, found 7 plugins.
Preloading 0 native plugins for Editor in 0.00 ms.
Initialize engine version: 2020.3.30f1 (1fb1bf06830e)
[Subsystems] Discovering subsystems at path C:/Program Files/Unity/Hub/Editor/2020.3.30f1/Editor/Data/Resources/UnitySubsystems
[Subsystems] Discovering subsystems at path C:/Users/lulul/Documents/_Vault/Vtol Vr Modding/BCATF4PII/F_4_Phantom_II/BCAT-F4PII/Assets
GfxDevice: creating device client; threaded=0
Direct3D:
    Version:  Direct3D 11.0 [level 11.1]
    Renderer: NVIDIA GeForce RTX 2060 (ID=0x1f11)
    Vendor:   
    VRAM:     5969 MB
    Driver:   31.0.15.4617
Shader 'Ethical Motion/Particles/Lit MultiLight': fallback shader 'Hidden/Ethical Motion/Particles/Lit Alpha Blend Shadow Fallback' not found
Shader 'Ethical Motion/Particles/Lit': fallback shader 'Hidden/Ethical Motion/Particles/Lit Alpha Blend Shadow Fallback' not found
Initialize mono
Mono path[0] = 'C:/Program Files/Unity/Hub/Editor/2020.3.30f1/Editor/Data/Managed'
Mono path[1] = 'C:/Program Files/Unity/Hub/Editor/2020.3.30f1/Editor/Data/MonoBleedingEdge/lib/mono/unityjit'
Mono config path = 'C:/Program Files/Unity/Hub/Editor/2020.3.30f1/Editor/Data/MonoBleedingEdge/etc'
Using monoOptions --debugger-agent=transport=dt_socket,embedding=1,server=y,suspend=n,address=127.0.0.1:56508
Begin MonoManager ReloadAssembly
Registering precompiled unity dll's ...
Register platform support module: C:/Program Files/Unity/Hub/Editor/2020.3.30f1/Editor/Data/PlaybackEngines/WindowsStandaloneSupport/UnityEditor.WindowsStandalone.Extensions.dll
Registered in 0.004106 seconds.
Native extension for WindowsStandalone target not found
Refreshing native plugins compatible for Editor in 95.61 ms, found 7 plugins.
Preloading 0 native plugins for Editor in 0.00 ms.
Mono: successfully reloaded assembly
- Completed reload, in  0.766 seconds
Domain Reload Profiling:
	ReloadAssembly (766ms)
		BeginReloadAssembly (96ms)
			ExecutionOrderSort (0ms)
			DisableScriptedObjects (0ms)
			BackupInstance (0ms)
			ReleaseScriptingObjects (0ms)
			CreateAndSetChildDomain (1ms)
		EndReloadAssembly (575ms)
			LoadAssemblies (92ms)
			RebuildTransferFunctionScriptingTraits (0ms)
			SetupTypeCache (172ms)
			ReleaseScriptCaches (0ms)
			RebuildScriptCaches (34ms)
			SetupLoadedEditorAssemblies (236ms)
				LogAssemblyErrors (0ms)
				InitializePlatformSupportModulesInManaged (6ms)
				SetLoadedEditorAssemblies (0ms)
				RefreshPlugins (96ms)
				BeforeProcessingInitializeOnLoad (9ms)
				ProcessInitializeOnLoadAttributes (92ms)
				ProcessInitializeOnLoadMethodAttributes (33ms)
				AfterProcessingInitializeOnLoad (0ms)
				EditorAssembliesLoaded (0ms)
			ExecutionOrderSort2 (0ms)
			AwakeInstancesAfterBackupRestoration (0ms)
Platform modules already initialized, skipping
Registering precompiled user dll's ...
Registered in 0.038996 seconds.
Begin MonoManager ReloadAssembly
Native extension for WindowsStandalone target not found
Refreshing native plugins compatible for Editor in 99.73 ms, found 7 plugins.
Preloading 0 native plugins for Editor in 0.00 ms.
Mono: successfully reloaded assembly
- Completed reload, in  1.823 seconds
Domain Reload Profiling:
	ReloadAssembly (1825ms)
		BeginReloadAssembly (213ms)
			ExecutionOrderSort (0ms)
			DisableScriptedObjects (6ms)
			BackupInstance (0ms)
			ReleaseScriptingObjects (0ms)
			CreateAndSetChildDomain (26ms)
		EndReloadAssembly (1533ms)
			LoadAssemblies (176ms)
			RebuildTransferFunctionScriptingTraits (0ms)
			SetupTypeCache (574ms)
			ReleaseScriptCaches (1ms)
			RebuildScriptCaches (129ms)
			SetupLoadedEditorAssemblies (523ms)
				LogAssemblyErrors (0ms)
				InitializePlatformSupportModulesInManaged (4ms)
				SetLoadedEditorAssemblies (0ms)
				RefreshPlugins (100ms)
				BeforeProcessingInitializeOnLoad (110ms)
				ProcessInitializeOnLoadAttributes (279ms)
				ProcessInitializeOnLoadMethodAttributes (15ms)
				AfterProcessingInitializeOnLoad (15ms)
				EditorAssembliesLoaded (0ms)
			ExecutionOrderSort2 (0ms)
			AwakeInstancesAfterBackupRestoration (6ms)
Platform modules already initialized, skipping
========================================================================
Worker process is ready to serve import requests
Shader 'Ethical Motion/Particles/Lit MultiLight': fallback shader 'Hidden/Ethical Motion/Particles/Lit Alpha Blend Shadow Fallback' not found
Shader 'Ethical Motion/Particles/Lit': fallback shader 'Hidden/Ethical Motion/Particles/Lit Alpha Blend Shadow Fallback' not found
Launched and connected shader compiler UnityShaderCompiler.exe after 0.08 seconds
Refreshing native plugins compatible for Editor in 1.11 ms, found 7 plugins.
Preloading 0 native plugins for Editor in 0.00 ms.
Unloading 4559 Unused Serialized files (Serialized files now loaded: 0)
System memory in use before: 241.8 MB.
System memory in use after: 242.0 MB.

Unloading 69 unused Assets to reduce memory usage. Loaded Objects now: 5294.
Total: 4.507300 ms (FindLiveObjects: 0.393000 ms CreateObjectMapping: 0.327000 ms MarkObjects: 3.591400 ms  DeleteObjects: 0.194300 ms)

AssetImportParameters requested are different than current active one (requested -> active):
  custom:framework-win-MediaFoundation: 216162199b28c13a410421893ffa2e32 -> 
  custom:video-decoder-ogg-theora: a1e56fd34408186e4bbccfd4996cb3dc -> 
  custom:container-muxer-webm: aa71ff27fc2769a1b78a27578f13a17b -> 
  custom:container-demuxer-webm: 4f35f7cbe854078d1ac9338744f61a02 -> 
  custom:container-demuxer-ogg: 62fdf1f143b41e24485cea50d1cbac27 -> 
  custom:video-encoder-webm-vp8: eb34c28f22e8b96e1ab97ce403110664 -> 
  custom:video-codec-MediaFoundation-h265: e54d7ab0439102e2317fc1e4b246158d -> 
  custom:video-decoder-webm-vp8: 9c59270c3fd7afecdb556c50c9e8de78 -> 
  custom:audio-decoder-ogg-vorbis: bf7c407c2cedff20999df2af8eb42d56 -> 
  custom:audio-encoder-webm-vorbis: bf7c407c2cedff20999df2af8eb42d56 -> 
========================================================================
Received Import Request.
  path: Assets/_F4Materials/Airframe.004.mat
  artifactKey: Guid(93c418ff6c8a56f4c8e4c676a1b6025d) Importer(815301076,1909f56bfc062723c751e8b465ee728b)
Start importing Assets/_F4Materials/Airframe.004.mat using Guid(93c418ff6c8a56f4c8e4c676a1b6025d) Importer(815301076,1909f56bfc062723c751e8b465ee728b)  -> (artifact id: '1fdba35bdf843fc8569703d8e4892227') in 0.238109 seconds 
========================================================================
Received Import Request.
  Time since last request: 0.000433 seconds.
  path: Assets/_F4Materials/Airframe.005.mat
  artifactKey: Guid(b5c1095b8d6ea0844b043dc8691312c2) Importer(815301076,1909f56bfc062723c751e8b465ee728b)
Start importing Assets/_F4Materials/Airframe.005.mat using Guid(b5c1095b8d6ea0844b043dc8691312c2) Importer(815301076,1909f56bfc062723c751e8b465ee728b)  -> (artifact id: 'd8811f770a48c1695b7ea3549161fa7b') in 0.017971 seconds 
========================================================================
Received Import Request.
  Time since last request: 0.000370 seconds.
  path: Assets/_F4Materials/Airframe.008.mat
  artifactKey: Guid(1f1639e0277590a42a64acd4d23d5ad1) Importer(815301076,1909f56bfc062723c751e8b465ee728b)
Start importing Assets/_F4Materials/Airframe.008.mat using Guid(1f1639e0277590a42a64acd4d23d5ad1) Importer(815301076,1909f56bfc062723c751e8b465ee728b)  -> (artifact id: '71b2026c0bb33d0f6db5f76c04b65a30') in 0.015161 seconds 
========================================================================
Received Import Request.
  Time since last request: 0.000383 seconds.
  path: Assets/_F4Materials/Airframe.007.mat
  artifactKey: Guid(2ed85cb29be0abf49a703e8380732570) Importer(815301076,1909f56bfc062723c751e8b465ee728b)
Start importing Assets/_F4Materials/Airframe.007.mat using Guid(2ed85cb29be0abf49a703e8380732570) Importer(815301076,1909f56bfc062723c751e8b465ee728b)  -> (artifact id: 'ad1ca75d1c328e030af778d17fadee9d') in 0.015106 seconds 
========================================================================
Received Import Request.
  Time since last request: 0.000416 seconds.
  path: Assets/_F4Materials/Airframe.003.mat
  artifactKey: Guid(c3c523d180fc338438945c5cd35edce5) Importer(815301076,1909f56bfc062723c751e8b465ee728b)
Start importing Assets/_F4Materials/Airframe.003.mat using Guid(c3c523d180fc338438945c5cd35edce5) Importer(815301076,1909f56bfc062723c751e8b465ee728b)  -> (artifact id: '8502f43942c924c283533db761932617') in 0.015269 seconds 
========================================================================
Received Import Request.
  Time since last request: 0.000348 seconds.
  path: Assets/_F4Materials/Airframe.002.mat
  artifactKey: Guid(aad6ce06f90d30c4a96316906a84f339) Importer(815301076,1909f56bfc062723c751e8b465ee728b)
Start importing Assets/_F4Materials/Airframe.002.mat using Guid(aad6ce06f90d30c4a96316906a84f339) Importer(815301076,1909f56bfc062723c751e8b465ee728b)  -> (artifact id: '47488bd73249663af15ad473ea8279b5') in 0.013858 seconds 
========================================================================
Received Import Request.
  Time since last request: 0.000463 seconds.
  path: Assets/_F4Materials/Airframe.009.mat
  artifactKey: Guid(1c2e63e98f65cc04eb9d9581db56d99c) Importer(815301076,1909f56bfc062723c751e8b465ee728b)
Start importing Assets/_F4Materials/Airframe.009.mat using Guid(1c2e63e98f65cc04eb9d9581db56d99c) Importer(815301076,1909f56bfc062723c751e8b465ee728b)  -> (artifact id: 'acb8d7a61df22166cab020c0f47b56ab') in 0.016983 seconds 
========================================================================
Received Import Request.
  Time since last request: 0.000448 seconds.
  path: Assets/_F4Materials/blackblack.mat
  artifactKey: Guid(6c3b61c21baa357428dc64578ef9c0ce) Importer(815301076,1909f56bfc062723c751e8b465ee728b)
Start importing Assets/_F4Materials/blackblack.mat using Guid(6c3b61c21baa357428dc64578ef9c0ce) Importer(815301076,1909f56bfc062723c751e8b465ee728b)  -> (artifact id: 'cc465fd25487ee1933ccd61b8572702b') in 0.015208 seconds 
========================================================================
Received Import Request.
  Time since last request: 53.901229 seconds.
  path: Assets/PrefabInstance/F4PII.prefab
  artifactKey: Guid(b7d83c4fd181b144e9918af879d38b90) Importer(815301076,1909f56bfc062723c751e8b465ee728b)
Start importing Assets/PrefabInstance/F4PII.prefab using Guid(b7d83c4fd181b144e9918af879d38b90) Importer(815301076,1909f56bfc062723c751e8b465ee728b)  -> (artifact id: 'c9588721f2ae8bb815901b1742d2e593') in 3.102533 seconds 
========================================================================
Received Import Request.
  Time since last request: 578.440418 seconds.
  path: Assets/PrefabInstance/F4PII.prefab
  artifactKey: Guid(b7d83c4fd181b144e9918af879d38b90) Importer(815301076,1909f56bfc062723c751e8b465ee728b)
Start importing Assets/PrefabInstance/F4PII.prefab using Guid(b7d83c4fd181b144e9918af879d38b90) Importer(815301076,1909f56bfc062723c751e8b465ee728b)  -> (artifact id: '3e05ca4edbb302cb7d83bb2400ddef26') in 2.108687 seconds 
========================================================================
Received Import Request.
  Time since last request: 1167.732962 seconds.
  path: Assets/PrefabInstance/F4PII.prefab
  artifactKey: Guid(b7d83c4fd181b144e9918af879d38b90) Importer(815301076,1909f56bfc062723c751e8b465ee728b)
Start importing Assets/PrefabInstance/F4PII.prefab using Guid(b7d83c4fd181b144e9918af879d38b90) Importer(815301076,1909f56bfc062723c751e8b465ee728b)  -> (artifact id: '6fe0d864e306df05a3852f066760769b') in 2.097478 seconds 
========================================================================
Received Import Request.
  Time since last request: 1127.274604 seconds.
  path: Assets/PrefabInstance/F4PII.prefab
  artifactKey: Guid(b7d83c4fd181b144e9918af879d38b90) Importer(815301076,1909f56bfc062723c751e8b465ee728b)
Start importing Assets/PrefabInstance/F4PII.prefab using Guid(b7d83c4fd181b144e9918af879d38b90) Importer(815301076,1909f56bfc062723c751e8b465ee728b)  -> (artifact id: '6058beac5296e99d2400cd349894bf8b') in 2.349741 seconds 
========================================================================
Received Prepare
Shader 'Ethical Motion/Particles/Lit MultiLight': fallback shader 'Hidden/Ethical Motion/Particles/Lit Alpha Blend Shadow Fallback' not found
Shader 'Ethical Motion/Particles/Lit': fallback shader 'Hidden/Ethical Motion/Particles/Lit Alpha Blend Shadow Fallback' not found
Refreshing native plugins compatible for Editor in 3197.22 ms, found 7 plugins.
Preloading 0 native plugins for Editor in 0.00 ms.
Unloading 58 Unused Serialized files (Serialized files now loaded: 0)
System memory in use before: 199.2 MB.
System memory in use after: 199.4 MB.

Unloading 67 unused Assets to reduce memory usage. Loaded Objects now: 5341.
Total: 170.419900 ms (FindLiveObjects: 1.219000 ms CreateObjectMapping: 3.778800 ms MarkObjects: 165.251000 ms  DeleteObjects: 0.160400 ms)

AssetImportParameters requested are different than current active one (requested -> active):
  custom:framework-win-MediaFoundation: 216162199b28c13a410421893ffa2e32 -> 
  custom:video-decoder-ogg-theora: a1e56fd34408186e4bbccfd4996cb3dc -> 
  custom:container-muxer-webm: aa71ff27fc2769a1b78a27578f13a17b -> 
  custom:container-demuxer-webm: 4f35f7cbe854078d1ac9338744f61a02 -> 
  custom:container-demuxer-ogg: 62fdf1f143b41e24485cea50d1cbac27 -> 
  custom:video-encoder-webm-vp8: eb34c28f22e8b96e1ab97ce403110664 -> 
  custom:video-codec-MediaFoundation-h265: e54d7ab0439102e2317fc1e4b246158d -> 
  custom:video-decoder-webm-vp8: 9c59270c3fd7afecdb556c50c9e8de78 -> 
  custom:audio-decoder-ogg-vorbis: bf7c407c2cedff20999df2af8eb42d56 -> 
  custom:audio-encoder-webm-vorbis: bf7c407c2cedff20999df2af8eb42d56 -> 
========================================================================
Received Import Request.
  Time since last request: 743.721342 seconds.
  path: Assets/PrefabInstance/F4PII.prefab
  artifactKey: Guid(b7d83c4fd181b144e9918af879d38b90) Importer(815301076,1909f56bfc062723c751e8b465ee728b)
Start importing Assets/PrefabInstance/F4PII.prefab using Guid(b7d83c4fd181b144e9918af879d38b90) Importer(815301076,1909f56bfc062723c751e8b465ee728b)  -> (artifact id: '0fd905419525c0564258a34a9c223e19') in 2.892133 seconds 
========================================================================
Received Prepare
Shader 'Ethical Motion/Particles/Lit MultiLight': fallback shader 'Hidden/Ethical Motion/Particles/Lit Alpha Blend Shadow Fallback' not found
Shader 'Ethical Motion/Particles/Lit': fallback shader 'Hidden/Ethical Motion/Particles/Lit Alpha Blend Shadow Fallback' not found
Refreshing native plugins compatible for Editor in 75.28 ms, found 7 plugins.
Preloading 0 native plugins for Editor in 0.00 ms.
Unloading 58 Unused Serialized files (Serialized files now loaded: 0)
System memory in use before: 200.6 MB.
System memory in use after: 200.9 MB.

Unloading 67 unused Assets to reduce memory usage. Loaded Objects now: 5341.
Total: 35.597100 ms (FindLiveObjects: 1.082400 ms CreateObjectMapping: 0.542100 ms MarkObjects: 33.809200 ms  DeleteObjects: 0.161800 ms)

AssetImportParameters requested are different than current active one (requested -> active):
  custom:framework-win-MediaFoundation: 216162199b28c13a410421893ffa2e32 -> 
  custom:video-decoder-ogg-theora: a1e56fd34408186e4bbccfd4996cb3dc -> 
  custom:container-muxer-webm: aa71ff27fc2769a1b78a27578f13a17b -> 
  custom:container-demuxer-webm: 4f35f7cbe854078d1ac9338744f61a02 -> 
  custom:container-demuxer-ogg: 62fdf1f143b41e24485cea50d1cbac27 -> 
  custom:video-encoder-webm-vp8: eb34c28f22e8b96e1ab97ce403110664 -> 
  custom:video-codec-MediaFoundation-h265: e54d7ab0439102e2317fc1e4b246158d -> 
  custom:video-decoder-webm-vp8: 9c59270c3fd7afecdb556c50c9e8de78 -> 
  custom:audio-decoder-ogg-vorbis: bf7c407c2cedff20999df2af8eb42d56 -> 
  custom:audio-encoder-webm-vorbis: bf7c407c2cedff20999df2af8eb42d56 -> 
========================================================================
Received Import Request.
  Time since last request: 766.103156 seconds.
  path: Assets/AudioClip/deployLoop.ogg
  artifactKey: Guid(54ee54d0cd063ac48a03936668cf26c2) Importer(815301076,1909f56bfc062723c751e8b465ee728b)
Start importing Assets/AudioClip/deployLoop.ogg using Guid(54ee54d0cd063ac48a03936668cf26c2) Importer(815301076,1909f56bfc062723c751e8b465ee728b)  -> (artifact id: '4d01cad80b328452cfcbd5856c7837b0') in 0.140243 seconds 
========================================================================
Received Import Request.
  Time since last request: 0.000309 seconds.
  path: Assets/AudioClip/deployLoopHighPitch.ogg
  artifactKey: Guid(36c7da845cb358240a3122f32c021e24) Importer(815301076,1909f56bfc062723c751e8b465ee728b)
Start importing Assets/AudioClip/deployLoopHighPitch.ogg using Guid(36c7da845cb358240a3122f32c021e24) Importer(815301076,1909f56bfc062723c751e8b465ee728b)  -> (artifact id: 'e1c8ebfaec3f4ddef813ee2421060927') in 0.012240 seconds 
========================================================================
Received Import Request.
  Time since last request: 148.523938 seconds.
  path: Assets/PrefabInstance/F4PII.prefab
  artifactKey: Guid(b7d83c4fd181b144e9918af879d38b90) Importer(815301076,1909f56bfc062723c751e8b465ee728b)
Start importing Assets/PrefabInstance/F4PII.prefab using Guid(b7d83c4fd181b144e9918af879d38b90) Importer(815301076,1909f56bfc062723c751e8b465ee728b)  -> (artifact id: '246712ee1042fe44200f4f4d300c62f8') in 2.423710 seconds 
========================================================================
Received Import Request.
  Time since last request: 3849.217421 seconds.
  path: Assets/PrefabInstance/F4PII.prefab
  artifactKey: Guid(b7d83c4fd181b144e9918af879d38b90) Importer(815301076,1909f56bfc062723c751e8b465ee728b)
Start importing Assets/PrefabInstance/F4PII.prefab using Guid(b7d83c4fd181b144e9918af879d38b90) Importer(815301076,1909f56bfc062723c751e8b465ee728b)  -> (artifact id: '6b2e2e0de33ba9c2885ebd492f077ccf') in 2.823630 seconds 
========================================================================
Received Prepare
Shader 'Ethical Motion/Particles/Lit MultiLight': fallback shader 'Hidden/Ethical Motion/Particles/Lit Alpha Blend Shadow Fallback' not found
Shader 'Ethical Motion/Particles/Lit': fallback shader 'Hidden/Ethical Motion/Particles/Lit Alpha Blend Shadow Fallback' not found
Refreshing native plugins compatible for Editor in 61.36 ms, found 7 plugins.
Preloading 0 native plugins for Editor in 0.00 ms.
Unloading 58 Unused Serialized files (Serialized files now loaded: 0)
System memory in use before: 203.7 MB.
System memory in use after: 204.0 MB.

Unloading 67 unused Assets to reduce memory usage. Loaded Objects now: 5343.
Total: 61.114600 ms (FindLiveObjects: 1.317900 ms CreateObjectMapping: 0.834700 ms MarkObjects: 57.618100 ms  DeleteObjects: 1.339600 ms)

AssetImportParameters requested are different than current active one (requested -> active):
  custom:framework-win-MediaFoundation: 216162199b28c13a410421893ffa2e32 -> 
  custom:video-decoder-ogg-theora: a1e56fd34408186e4bbccfd4996cb3dc -> 
  custom:container-muxer-webm: aa71ff27fc2769a1b78a27578f13a17b -> 
  custom:container-demuxer-webm: 4f35f7cbe854078d1ac9338744f61a02 -> 
  custom:container-demuxer-ogg: 62fdf1f143b41e24485cea50d1cbac27 -> 
  custom:video-encoder-webm-vp8: eb34c28f22e8b96e1ab97ce403110664 -> 
  custom:video-codec-MediaFoundation-h265: e54d7ab0439102e2317fc1e4b246158d -> 
  custom:video-decoder-webm-vp8: 9c59270c3fd7afecdb556c50c9e8de78 -> 
  custom:audio-decoder-ogg-vorbis: bf7c407c2cedff20999df2af8eb42d56 -> 
  custom:audio-encoder-webm-vorbis: bf7c407c2cedff20999df2af8eb42d56 -> 
========================================================================
Received Import Request.
  Time since last request: 29123.102226 seconds.
  path: Assets/PrefabInstance/F4PII.prefab
  artifactKey: Guid(b7d83c4fd181b144e9918af879d38b90) Importer(815301076,1909f56bfc062723c751e8b465ee728b)
Start importing Assets/PrefabInstance/F4PII.prefab using Guid(b7d83c4fd181b144e9918af879d38b90) Importer(815301076,1909f56bfc062723c751e8b465ee728b)  -> (artifact id: '3468ec31ae01ae75aba13a4af7256f07') in 2.975302 seconds 
========================================================================
Received Prepare
Shader 'Ethical Motion/Particles/Lit MultiLight': fallback shader 'Hidden/Ethical Motion/Particles/Lit Alpha Blend Shadow Fallback' not found
Shader 'Ethical Motion/Particles/Lit': fallback shader 'Hidden/Ethical Motion/Particles/Lit Alpha Blend Shadow Fallback' not found
Refreshing native plugins compatible for Editor in 41.86 ms, found 7 plugins.
Preloading 0 native plugins for Editor in 0.00 ms.
Unloading 58 Unused Serialized files (Serialized files now loaded: 0)
System memory in use before: 208.3 MB.
System memory in use after: 208.6 MB.

Unloading 67 unused Assets to reduce memory usage. Loaded Objects now: 5343.
Total: 36.250500 ms (FindLiveObjects: 0.505700 ms CreateObjectMapping: 0.313500 ms MarkObjects: 35.137900 ms  DeleteObjects: 0.289100 ms)

AssetImportParameters requested are different than current active one (requested -> active):
  custom:framework-win-MediaFoundation: 216162199b28c13a410421893ffa2e32 -> 
  custom:video-decoder-ogg-theora: a1e56fd34408186e4bbccfd4996cb3dc -> 
  custom:container-muxer-webm: aa71ff27fc2769a1b78a27578f13a17b -> 
  custom:container-demuxer-webm: 4f35f7cbe854078d1ac9338744f61a02 -> 
  custom:container-demuxer-ogg: 62fdf1f143b41e24485cea50d1cbac27 -> 
  custom:video-encoder-webm-vp8: eb34c28f22e8b96e1ab97ce403110664 -> 
  custom:video-codec-MediaFoundation-h265: e54d7ab0439102e2317fc1e4b246158d -> 
  custom:video-decoder-webm-vp8: 9c59270c3fd7afecdb556c50c9e8de78 -> 
  custom:audio-decoder-ogg-vorbis: bf7c407c2cedff20999df2af8eb42d56 -> 
  custom:audio-encoder-webm-vorbis: bf7c407c2cedff20999df2af8eb42d56 -> 
========================================================================
Received Import Request.
  Time since last request: 4171.410108 seconds.
  path: Assets/PrefabInstance/F4PII.prefab
  artifactKey: Guid(b7d83c4fd181b144e9918af879d38b90) Importer(815301076,1909f56bfc062723c751e8b465ee728b)
Start importing Assets/PrefabInstance/F4PII.prefab using Guid(b7d83c4fd181b144e9918af879d38b90) Importer(815301076,1909f56bfc062723c751e8b465ee728b)  -> (artifact id: '67004854b3d295bc37bc23a52b7119f4') in 4.078419 seconds 
========================================================================
Received Prepare
Shader 'Ethical Motion/Particles/Lit MultiLight': fallback shader 'Hidden/Ethical Motion/Particles/Lit Alpha Blend Shadow Fallback' not found
Shader 'Ethical Motion/Particles/Lit': fallback shader 'Hidden/Ethical Motion/Particles/Lit Alpha Blend Shadow Fallback' not found
Refreshing native plugins compatible for Editor in 35.70 ms, found 7 plugins.
Preloading 0 native plugins for Editor in 0.00 ms.
Unloading 58 Unused Serialized files (Serialized files now loaded: 0)
System memory in use before: 209.9 MB.
System memory in use after: 210.1 MB.

Unloading 67 unused Assets to reduce memory usage. Loaded Objects now: 5343.
Total: 14.399500 ms (FindLiveObjects: 0.521100 ms CreateObjectMapping: 0.331900 ms MarkObjects: 13.090600 ms  DeleteObjects: 0.454500 ms)

AssetImportParameters requested are different than current active one (requested -> active):
  custom:framework-win-MediaFoundation: 216162199b28c13a410421893ffa2e32 -> 
  custom:video-decoder-ogg-theora: a1e56fd34408186e4bbccfd4996cb3dc -> 
  custom:container-muxer-webm: aa71ff27fc2769a1b78a27578f13a17b -> 
  custom:container-demuxer-webm: 4f35f7cbe854078d1ac9338744f61a02 -> 
  custom:container-demuxer-ogg: 62fdf1f143b41e24485cea50d1cbac27 -> 
  custom:video-encoder-webm-vp8: eb34c28f22e8b96e1ab97ce403110664 -> 
  custom:video-codec-MediaFoundation-h265: e54d7ab0439102e2317fc1e4b246158d -> 
  custom:video-decoder-webm-vp8: 9c59270c3fd7afecdb556c50c9e8de78 -> 
  custom:audio-decoder-ogg-vorbis: bf7c407c2cedff20999df2af8eb42d56 -> 
  custom:audio-encoder-webm-vorbis: bf7c407c2cedff20999df2af8eb42d56 -> 
========================================================================
Received Prepare
Shader 'Ethical Motion/Particles/Lit MultiLight': fallback shader 'Hidden/Ethical Motion/Particles/Lit Alpha Blend Shadow Fallback' not found
Shader 'Ethical Motion/Particles/Lit': fallback shader 'Hidden/Ethical Motion/Particles/Lit Alpha Blend Shadow Fallback' not found
Refreshing native plugins compatible for Editor in 52.35 ms, found 7 plugins.
Preloading 0 native plugins for Editor in 0.00 ms.
Unloading 58 Unused Serialized files (Serialized files now loaded: 0)
System memory in use before: 210.0 MB.
System memory in use after: 210.3 MB.

Unloading 58 unused Assets to reduce memory usage. Loaded Objects now: 5343.
Total: 10.341300 ms (FindLiveObjects: 0.713100 ms CreateObjectMapping: 0.426200 ms MarkObjects: 9.041400 ms  DeleteObjects: 0.156300 ms)

AssetImportParameters requested are different than current active one (requested -> active):
  custom:framework-win-MediaFoundation: 216162199b28c13a410421893ffa2e32 -> 
  custom:video-decoder-ogg-theora: a1e56fd34408186e4bbccfd4996cb3dc -> 
  custom:container-muxer-webm: aa71ff27fc2769a1b78a27578f13a17b -> 
  custom:container-demuxer-webm: 4f35f7cbe854078d1ac9338744f61a02 -> 
  custom:container-demuxer-ogg: 62fdf1f143b41e24485cea50d1cbac27 -> 
  custom:video-encoder-webm-vp8: eb34c28f22e8b96e1ab97ce403110664 -> 
  custom:video-codec-MediaFoundation-h265: e54d7ab0439102e2317fc1e4b246158d -> 
  custom:video-decoder-webm-vp8: 9c59270c3fd7afecdb556c50c9e8de78 -> 
  custom:audio-decoder-ogg-vorbis: bf7c407c2cedff20999df2af8eb42d56 -> 
  custom:audio-encoder-webm-vorbis: bf7c407c2cedff20999df2af8eb42d56 -> 
========================================================================
Received Import Request.
  Time since last request: 36759.120406 seconds.
  path: Assets/PrefabInstance/F4PII.prefab
  artifactKey: Guid(b7d83c4fd181b144e9918af879d38b90) Importer(815301076,1909f56bfc062723c751e8b465ee728b)
Start importing Assets/PrefabInstance/F4PII.prefab using Guid(b7d83c4fd181b144e9918af879d38b90) Importer(815301076,1909f56bfc062723c751e8b465ee728b)  -> (artifact id: '1e6249de82ccff8dd8a37358579ec3e6') in 3.394669 seconds 
========================================================================
Received Prepare
Shader 'Ethical Motion/Particles/Lit MultiLight': fallback shader 'Hidden/Ethical Motion/Particles/Lit Alpha Blend Shadow Fallback' not found
Shader 'Ethical Motion/Particles/Lit': fallback shader 'Hidden/Ethical Motion/Particles/Lit Alpha Blend Shadow Fallback' not found
Refreshing native plugins compatible for Editor in 38.58 ms, found 7 plugins.
Preloading 0 native plugins for Editor in 0.00 ms.
Unloading 58 Unused Serialized files (Serialized files now loaded: 0)
System memory in use before: 211.6 MB.
System memory in use after: 211.8 MB.

Unloading 67 unused Assets to reduce memory usage. Loaded Objects now: 5343.
Total: 8.614700 ms (FindLiveObjects: 0.647400 ms CreateObjectMapping: 0.418100 ms MarkObjects: 7.409500 ms  DeleteObjects: 0.138300 ms)

AssetImportParameters requested are different than current active one (requested -> active):
  custom:framework-win-MediaFoundation: 216162199b28c13a410421893ffa2e32 -> 
  custom:video-decoder-ogg-theora: a1e56fd34408186e4bbccfd4996cb3dc -> 
  custom:container-muxer-webm: aa71ff27fc2769a1b78a27578f13a17b -> 
  custom:container-demuxer-webm: 4f35f7cbe854078d1ac9338744f61a02 -> 
  custom:container-demuxer-ogg: 62fdf1f143b41e24485cea50d1cbac27 -> 
  custom:video-encoder-webm-vp8: eb34c28f22e8b96e1ab97ce403110664 -> 
  custom:video-codec-MediaFoundation-h265: e54d7ab0439102e2317fc1e4b246158d -> 
  custom:video-decoder-webm-vp8: 9c59270c3fd7afecdb556c50c9e8de78 -> 
  custom:audio-decoder-ogg-vorbis: bf7c407c2cedff20999df2af8eb42d56 -> 
  custom:audio-encoder-webm-vorbis: bf7c407c2cedff20999df2af8eb42d56 -> 
========================================================================
Received Import Request.
  Time since last request: 1090.487403 seconds.
  path: Assets/Material/mat_QuadHandMenu.mat
  artifactKey: Guid(dee5dffec0fb06d4ba30f508ef316bd9) Importer(815301076,1909f56bfc062723c751e8b465ee728b)
Start importing Assets/Material/mat_QuadHandMenu.mat using Guid(dee5dffec0fb06d4ba30f508ef316bd9) Importer(815301076,1909f56bfc062723c751e8b465ee728b)  -> (artifact id: '27cc6e57612a35d914003c52df9317b4') in 0.184488 seconds 
========================================================================
Received Import Request.
  Time since last request: 1794.767752 seconds.
  path: Assets/PrefabInstance/F4PII.prefab
  artifactKey: Guid(b7d83c4fd181b144e9918af879d38b90) Importer(815301076,1909f56bfc062723c751e8b465ee728b)
Start importing Assets/PrefabInstance/F4PII.prefab using Guid(b7d83c4fd181b144e9918af879d38b90) Importer(815301076,1909f56bfc062723c751e8b465ee728b)  -> (artifact id: 'e48675ebdee2374060e96257fb86c956') in 4.419092 seconds 
========================================================================
Received Prepare
Shader 'Ethical Motion/Particles/Lit MultiLight': fallback shader 'Hidden/Ethical Motion/Particles/Lit Alpha Blend Shadow Fallback' not found
Shader 'Ethical Motion/Particles/Lit': fallback shader 'Hidden/Ethical Motion/Particles/Lit Alpha Blend Shadow Fallback' not found
Refreshing native plugins compatible for Editor in 47.31 ms, found 7 plugins.
Preloading 0 native plugins for Editor in 0.00 ms.
Unloading 58 Unused Serialized files (Serialized files now loaded: 0)
System memory in use before: 213.6 MB.
System memory in use after: 213.8 MB.

Unloading 67 unused Assets to reduce memory usage. Loaded Objects now: 5343.
Total: 46.700900 ms (FindLiveObjects: 0.807500 ms CreateObjectMapping: 0.603600 ms MarkObjects: 43.817000 ms  DeleteObjects: 1.471000 ms)

AssetImportParameters requested are different than current active one (requested -> active):
  custom:framework-win-MediaFoundation: 216162199b28c13a410421893ffa2e32 -> 
  custom:video-decoder-ogg-theora: a1e56fd34408186e4bbccfd4996cb3dc -> 
  custom:container-muxer-webm: aa71ff27fc2769a1b78a27578f13a17b -> 
  custom:container-demuxer-webm: 4f35f7cbe854078d1ac9338744f61a02 -> 
  custom:container-demuxer-ogg: 62fdf1f143b41e24485cea50d1cbac27 -> 
  custom:video-encoder-webm-vp8: eb34c28f22e8b96e1ab97ce403110664 -> 
  custom:video-codec-MediaFoundation-h265: e54d7ab0439102e2317fc1e4b246158d -> 
  custom:video-decoder-webm-vp8: 9c59270c3fd7afecdb556c50c9e8de78 -> 
  custom:audio-decoder-ogg-vorbis: bf7c407c2cedff20999df2af8eb42d56 -> 
  custom:audio-encoder-webm-vorbis: bf7c407c2cedff20999df2af8eb42d56 -> 
========================================================================
Received Import Request.
  Time since last request: 7232.396710 seconds.
  path: Assets/PrefabInstance/F4PII.prefab
  artifactKey: Guid(b7d83c4fd181b144e9918af879d38b90) Importer(815301076,1909f56bfc062723c751e8b465ee728b)
Start importing Assets/PrefabInstance/F4PII.prefab using Guid(b7d83c4fd181b144e9918af879d38b90) Importer(815301076,1909f56bfc062723c751e8b465ee728b)  -> (artifact id: 'edce294a84f721b7e10669dbb51ba2ec') in 3.382979 seconds 
========================================================================
Received Import Request.
  Time since last request: 164.823969 seconds.
  path: Assets/PrefabInstance/F4PII.prefab
  artifactKey: Guid(b7d83c4fd181b144e9918af879d38b90) Importer(815301076,1909f56bfc062723c751e8b465ee728b)
Start importing Assets/PrefabInstance/F4PII.prefab using Guid(b7d83c4fd181b144e9918af879d38b90) Importer(815301076,1909f56bfc062723c751e8b465ee728b)  -> (artifact id: 'c40fe9b83b86a3c25b168ee3e891eb8e') in 2.288113 seconds 
========================================================================
Received Import Request.
  Time since last request: 685.237674 seconds.
  path: Assets/PrefabInstance/F4PII.prefab
  artifactKey: Guid(b7d83c4fd181b144e9918af879d38b90) Importer(815301076,1909f56bfc062723c751e8b465ee728b)
Start importing Assets/PrefabInstance/F4PII.prefab using Guid(b7d83c4fd181b144e9918af879d38b90) Importer(815301076,1909f56bfc062723c751e8b465ee728b)  -> (artifact id: '05dda23b7e70fd4f707352da249ffe7d') in 2.155959 seconds 
========================================================================
Received Prepare
Shader 'Ethical Motion/Particles/Lit MultiLight': fallback shader 'Hidden/Ethical Motion/Particles/Lit Alpha Blend Shadow Fallback' not found
Shader 'Ethical Motion/Particles/Lit': fallback shader 'Hidden/Ethical Motion/Particles/Lit Alpha Blend Shadow Fallback' not found
Refreshing native plugins compatible for Editor in 49.76 ms, found 7 plugins.
Preloading 0 native plugins for Editor in 0.00 ms.
Unloading 58 Unused Serialized files (Serialized files now loaded: 0)
System memory in use before: 217.8 MB.
System memory in use after: 218.1 MB.

Unloading 67 unused Assets to reduce memory usage. Loaded Objects now: 5343.
Total: 37.650300 ms (FindLiveObjects: 1.804100 ms CreateObjectMapping: 0.572500 ms MarkObjects: 35.007500 ms  DeleteObjects: 0.263900 ms)

AssetImportParameters requested are different than current active one (requested -> active):
  custom:framework-win-MediaFoundation: 216162199b28c13a410421893ffa2e32 -> 
  custom:video-decoder-ogg-theora: a1e56fd34408186e4bbccfd4996cb3dc -> 
  custom:container-muxer-webm: aa71ff27fc2769a1b78a27578f13a17b -> 
  custom:container-demuxer-webm: 4f35f7cbe854078d1ac9338744f61a02 -> 
  custom:container-demuxer-ogg: 62fdf1f143b41e24485cea50d1cbac27 -> 
  custom:video-encoder-webm-vp8: eb34c28f22e8b96e1ab97ce403110664 -> 
  custom:video-codec-MediaFoundation-h265: e54d7ab0439102e2317fc1e4b246158d -> 
  custom:video-decoder-webm-vp8: 9c59270c3fd7afecdb556c50c9e8de78 -> 
  custom:audio-decoder-ogg-vorbis: bf7c407c2cedff20999df2af8eb42d56 -> 
  custom:audio-encoder-webm-vorbis: bf7c407c2cedff20999df2af8eb42d56 -> 
========================================================================
Received Import Request.
  Time since last request: 17267.412348 seconds.
  path: Assets/PrefabInstance/F4PII.prefab
  artifactKey: Guid(b7d83c4fd181b144e9918af879d38b90) Importer(815301076,1909f56bfc062723c751e8b465ee728b)
Start importing Assets/PrefabInstance/F4PII.prefab using Guid(b7d83c4fd181b144e9918af879d38b90) Importer(815301076,1909f56bfc062723c751e8b465ee728b)  -> (artifact id: '5f3b42f50a424e7b942dfa2eb6137adf') in 3.427587 seconds 
========================================================================
Received Import Request.
  Time since last request: 814.300226 seconds.
  path: Assets/PrefabInstance/F4PII.prefab
  artifactKey: Guid(b7d83c4fd181b144e9918af879d38b90) Importer(815301076,1909f56bfc062723c751e8b465ee728b)
Start importing Assets/PrefabInstance/F4PII.prefab using Guid(b7d83c4fd181b144e9918af879d38b90) Importer(815301076,1909f56bfc062723c751e8b465ee728b)  -> (artifact id: '4537165a89402de71568b97186fe87f5') in 2.560403 seconds 
========================================================================
Received Prepare
Shader 'Ethical Motion/Particles/Lit MultiLight': fallback shader 'Hidden/Ethical Motion/Particles/Lit Alpha Blend Shadow Fallback' not found
Shader 'Ethical Motion/Particles/Lit': fallback shader 'Hidden/Ethical Motion/Particles/Lit Alpha Blend Shadow Fallback' not found
Refreshing native plugins compatible for Editor in 50.51 ms, found 7 plugins.
Preloading 0 native plugins for Editor in 0.00 ms.
Unloading 58 Unused Serialized files (Serialized files now loaded: 0)
System memory in use before: 226.8 MB.
System memory in use after: 227.1 MB.

Unloading 67 unused Assets to reduce memory usage. Loaded Objects now: 5343.
Total: 45.657700 ms (FindLiveObjects: 0.863100 ms CreateObjectMapping: 0.695600 ms MarkObjects: 43.721300 ms  DeleteObjects: 0.375400 ms)

AssetImportParameters requested are different than current active one (requested -> active):
  custom:framework-win-MediaFoundation: 216162199b28c13a410421893ffa2e32 -> 
  custom:video-decoder-ogg-theora: a1e56fd34408186e4bbccfd4996cb3dc -> 
  custom:container-muxer-webm: aa71ff27fc2769a1b78a27578f13a17b -> 
  custom:container-demuxer-webm: 4f35f7cbe854078d1ac9338744f61a02 -> 
  custom:container-demuxer-ogg: 62fdf1f143b41e24485cea50d1cbac27 -> 
  custom:video-encoder-webm-vp8: eb34c28f22e8b96e1ab97ce403110664 -> 
  custom:video-codec-MediaFoundation-h265: e54d7ab0439102e2317fc1e4b246158d -> 
  custom:video-decoder-webm-vp8: 9c59270c3fd7afecdb556c50c9e8de78 -> 
  custom:audio-decoder-ogg-vorbis: bf7c407c2cedff20999df2af8eb42d56 -> 
  custom:audio-encoder-webm-vorbis: bf7c407c2cedff20999df2af8eb42d56 -> 
========================================================================
Received Prepare
Shader 'Ethical Motion/Particles/Lit MultiLight': fallback shader 'Hidden/Ethical Motion/Particles/Lit Alpha Blend Shadow Fallback' not found
Shader 'Ethical Motion/Particles/Lit': fallback shader 'Hidden/Ethical Motion/Particles/Lit Alpha Blend Shadow Fallback' not found
Refreshing native plugins compatible for Editor in 77.29 ms, found 7 plugins.
Preloading 0 native plugins for Editor in 0.00 ms.
Unloading 58 Unused Serialized files (Serialized files now loaded: 0)
System memory in use before: 227.0 MB.
System memory in use after: 227.2 MB.

Unloading 58 unused Assets to reduce memory usage. Loaded Objects now: 5343.
Total: 10.630300 ms (FindLiveObjects: 1.602800 ms CreateObjectMapping: 0.675000 ms MarkObjects: 8.249300 ms  DeleteObjects: 0.101400 ms)

AssetImportParameters requested are different than current active one (requested -> active):
  custom:framework-win-MediaFoundation: 216162199b28c13a410421893ffa2e32 -> 
  custom:video-decoder-ogg-theora: a1e56fd34408186e4bbccfd4996cb3dc -> 
  custom:container-muxer-webm: aa71ff27fc2769a1b78a27578f13a17b -> 
  custom:container-demuxer-webm: 4f35f7cbe854078d1ac9338744f61a02 -> 
  custom:container-demuxer-ogg: 62fdf1f143b41e24485cea50d1cbac27 -> 
  custom:video-encoder-webm-vp8: eb34c28f22e8b96e1ab97ce403110664 -> 
  custom:video-codec-MediaFoundation-h265: e54d7ab0439102e2317fc1e4b246158d -> 
  custom:video-decoder-webm-vp8: 9c59270c3fd7afecdb556c50c9e8de78 -> 
  custom:audio-decoder-ogg-vorbis: bf7c407c2cedff20999df2af8eb42d56 -> 
  custom:audio-encoder-webm-vorbis: bf7c407c2cedff20999df2af8eb42d56 -> 
========================================================================
Received Import Request.
  Time since last request: 1476.264027 seconds.
  path: Assets/PrefabInstance/F4PII.prefab
  artifactKey: Guid(b7d83c4fd181b144e9918af879d38b90) Importer(815301076,1909f56bfc062723c751e8b465ee728b)
Start importing Assets/PrefabInstance/F4PII.prefab using Guid(b7d83c4fd181b144e9918af879d38b90) Importer(815301076,1909f56bfc062723c751e8b465ee728b)  -> (artifact id: '8044b6c06512415a5abe805c7e84b086') in 3.660458 seconds 
========================================================================
Received Prepare
Shader 'Ethical Motion/Particles/Lit MultiLight': fallback shader 'Hidden/Ethical Motion/Particles/Lit Alpha Blend Shadow Fallback' not found
Shader 'Ethical Motion/Particles/Lit': fallback shader 'Hidden/Ethical Motion/Particles/Lit Alpha Blend Shadow Fallback' not found
Refreshing native plugins compatible for Editor in 48.90 ms, found 7 plugins.
Preloading 0 native plugins for Editor in 0.00 ms.
Unloading 58 Unused Serialized files (Serialized files now loaded: 0)
System memory in use before: 228.5 MB.
System memory in use after: 228.7 MB.

Unloading 67 unused Assets to reduce memory usage. Loaded Objects now: 5343.
Total: 13.723100 ms (FindLiveObjects: 2.425300 ms CreateObjectMapping: 1.041600 ms MarkObjects: 10.086600 ms  DeleteObjects: 0.167100 ms)

AssetImportParameters requested are different than current active one (requested -> active):
  custom:framework-win-MediaFoundation: 216162199b28c13a410421893ffa2e32 -> 
  custom:video-decoder-ogg-theora: a1e56fd34408186e4bbccfd4996cb3dc -> 
  custom:container-muxer-webm: aa71ff27fc2769a1b78a27578f13a17b -> 
  custom:container-demuxer-webm: 4f35f7cbe854078d1ac9338744f61a02 -> 
  custom:container-demuxer-ogg: 62fdf1f143b41e24485cea50d1cbac27 -> 
  custom:video-encoder-webm-vp8: eb34c28f22e8b96e1ab97ce403110664 -> 
  custom:video-codec-MediaFoundation-h265: e54d7ab0439102e2317fc1e4b246158d -> 
  custom:video-decoder-webm-vp8: 9c59270c3fd7afecdb556c50c9e8de78 -> 
  custom:audio-decoder-ogg-vorbis: bf7c407c2cedff20999df2af8eb42d56 -> 
  custom:audio-encoder-webm-vorbis: bf7c407c2cedff20999df2af8eb42d56 -> 
========================================================================
Received Import Request.
  Time since last request: 1692.123566 seconds.
  path: Assets/PrefabInstance/F4PII.prefab
  artifactKey: Guid(b7d83c4fd181b144e9918af879d38b90) Importer(815301076,1909f56bfc062723c751e8b465ee728b)
Start importing Assets/PrefabInstance/F4PII.prefab using Guid(b7d83c4fd181b144e9918af879d38b90) Importer(815301076,1909f56bfc062723c751e8b465ee728b)  -> (artifact id: 'fd40611b69e620e96886c8be630ddc8b') in 2.433142 seconds 
========================================================================
Received Import Request.
  Time since last request: 1379.317387 seconds.
  path: Assets/PrefabInstance/F4PII.prefab
  artifactKey: Guid(b7d83c4fd181b144e9918af879d38b90) Importer(815301076,1909f56bfc062723c751e8b465ee728b)
Start importing Assets/PrefabInstance/F4PII.prefab using Guid(b7d83c4fd181b144e9918af879d38b90) Importer(815301076,1909f56bfc062723c751e8b465ee728b)  -> (artifact id: '2c603a914c1cc8e0dbff1513efc89829') in 2.520670 seconds 
========================================================================
Received Import Request.
  Time since last request: 525.523222 seconds.
  path: Assets/PrefabInstance/F4PII.prefab
  artifactKey: Guid(b7d83c4fd181b144e9918af879d38b90) Importer(815301076,1909f56bfc062723c751e8b465ee728b)
Start importing Assets/PrefabInstance/F4PII.prefab using Guid(b7d83c4fd181b144e9918af879d38b90) Importer(815301076,1909f56bfc062723c751e8b465ee728b)  -> (artifact id: '44dfa5d4dde77230a2cc481362256783') in 2.235511 seconds 
========================================================================
Received Prepare
Shader 'Ethical Motion/Particles/Lit MultiLight': fallback shader 'Hidden/Ethical Motion/Particles/Lit Alpha Blend Shadow Fallback' not found
Shader 'Ethical Motion/Particles/Lit': fallback shader 'Hidden/Ethical Motion/Particles/Lit Alpha Blend Shadow Fallback' not found
Refreshing native plugins compatible for Editor in 45.53 ms, found 7 plugins.
Preloading 0 native plugins for Editor in 0.00 ms.
Unloading 58 Unused Serialized files (Serialized files now loaded: 0)
System memory in use before: 232.8 MB.
System memory in use after: 233.0 MB.

Unloading 67 unused Assets to reduce memory usage. Loaded Objects now: 5343.
Total: 45.890300 ms (FindLiveObjects: 0.633000 ms CreateObjectMapping: 0.650100 ms MarkObjects: 44.396200 ms  DeleteObjects: 0.204300 ms)

AssetImportParameters requested are different than current active one (requested -> active):
  custom:framework-win-MediaFoundation: 216162199b28c13a410421893ffa2e32 -> 
  custom:video-decoder-ogg-theora: a1e56fd34408186e4bbccfd4996cb3dc -> 
  custom:container-muxer-webm: aa71ff27fc2769a1b78a27578f13a17b -> 
  custom:container-demuxer-webm: 4f35f7cbe854078d1ac9338744f61a02 -> 
  custom:container-demuxer-ogg: 62fdf1f143b41e24485cea50d1cbac27 -> 
  custom:video-encoder-webm-vp8: eb34c28f22e8b96e1ab97ce403110664 -> 
  custom:video-codec-MediaFoundation-h265: e54d7ab0439102e2317fc1e4b246158d -> 
  custom:video-decoder-webm-vp8: 9c59270c3fd7afecdb556c50c9e8de78 -> 
  custom:audio-decoder-ogg-vorbis: bf7c407c2cedff20999df2af8eb42d56 -> 
  custom:audio-encoder-webm-vorbis: bf7c407c2cedff20999df2af8eb42d56 -> 
========================================================================
Received Import Request.
  Time since last request: 589.965000 seconds.
  path: Assets/PrefabInstance/F4PII.prefab
  artifactKey: Guid(b7d83c4fd181b144e9918af879d38b90) Importer(815301076,1909f56bfc062723c751e8b465ee728b)
Start importing Assets/PrefabInstance/F4PII.prefab using Guid(b7d83c4fd181b144e9918af879d38b90) Importer(815301076,1909f56bfc062723c751e8b465ee728b)  -> (artifact id: '7917a522528a3cb5773e960898ac807b') in 2.801212 seconds 
========================================================================
Received Prepare
Shader 'Ethical Motion/Particles/Lit MultiLight': fallback shader 'Hidden/Ethical Motion/Particles/Lit Alpha Blend Shadow Fallback' not found
Shader 'Ethical Motion/Particles/Lit': fallback shader 'Hidden/Ethical Motion/Particles/Lit Alpha Blend Shadow Fallback' not found
Refreshing native plugins compatible for Editor in 39.79 ms, found 7 plugins.
Preloading 0 native plugins for Editor in 0.00 ms.
Unloading 58 Unused Serialized files (Serialized files now loaded: 0)
System memory in use before: 234.4 MB.
System memory in use after: 234.6 MB.

Unloading 67 unused Assets to reduce memory usage. Loaded Objects now: 5343.
Total: 8.675700 ms (FindLiveObjects: 0.467200 ms CreateObjectMapping: 0.387300 ms MarkObjects: 7.468800 ms  DeleteObjects: 0.351000 ms)

AssetImportParameters requested are different than current active one (requested -> active):
  custom:framework-win-MediaFoundation: 216162199b28c13a410421893ffa2e32 -> 
  custom:video-decoder-ogg-theora: a1e56fd34408186e4bbccfd4996cb3dc -> 
  custom:container-muxer-webm: aa71ff27fc2769a1b78a27578f13a17b -> 
  custom:container-demuxer-webm: 4f35f7cbe854078d1ac9338744f61a02 -> 
  custom:container-demuxer-ogg: 62fdf1f143b41e24485cea50d1cbac27 -> 
  custom:video-encoder-webm-vp8: eb34c28f22e8b96e1ab97ce403110664 -> 
  custom:video-codec-MediaFoundation-h265: e54d7ab0439102e2317fc1e4b246158d -> 
  custom:video-decoder-webm-vp8: 9c59270c3fd7afecdb556c50c9e8de78 -> 
  custom:audio-decoder-ogg-vorbis: bf7c407c2cedff20999df2af8eb42d56 -> 
  custom:audio-encoder-webm-vorbis: bf7c407c2cedff20999df2af8eb42d56 -> 
========================================================================
Received Prepare
Shader 'Ethical Motion/Particles/Lit MultiLight': fallback shader 'Hidden/Ethical Motion/Particles/Lit Alpha Blend Shadow Fallback' not found
Shader 'Ethical Motion/Particles/Lit': fallback shader 'Hidden/Ethical Motion/Particles/Lit Alpha Blend Shadow Fallback' not found
Refreshing native plugins compatible for Editor in 47.19 ms, found 7 plugins.
Preloading 0 native plugins for Editor in 0.00 ms.
Unloading 58 Unused Serialized files (Serialized files now loaded: 0)
System memory in use before: 234.6 MB.
System memory in use after: 234.8 MB.

Unloading 58 unused Assets to reduce memory usage. Loaded Objects now: 5343.
Total: 9.795300 ms (FindLiveObjects: 0.732900 ms CreateObjectMapping: 0.376900 ms MarkObjects: 8.557200 ms  DeleteObjects: 0.126100 ms)

AssetImportParameters requested are different than current active one (requested -> active):
  custom:framework-win-MediaFoundation: 216162199b28c13a410421893ffa2e32 -> 
  custom:video-decoder-ogg-theora: a1e56fd34408186e4bbccfd4996cb3dc -> 
  custom:container-muxer-webm: aa71ff27fc2769a1b78a27578f13a17b -> 
  custom:container-demuxer-webm: 4f35f7cbe854078d1ac9338744f61a02 -> 
  custom:container-demuxer-ogg: 62fdf1f143b41e24485cea50d1cbac27 -> 
  custom:video-encoder-webm-vp8: eb34c28f22e8b96e1ab97ce403110664 -> 
  custom:video-codec-MediaFoundation-h265: e54d7ab0439102e2317fc1e4b246158d -> 
  custom:video-decoder-webm-vp8: 9c59270c3fd7afecdb556c50c9e8de78 -> 
  custom:audio-decoder-ogg-vorbis: bf7c407c2cedff20999df2af8eb42d56 -> 
  custom:audio-encoder-webm-vorbis: bf7c407c2cedff20999df2af8eb42d56 -> 
========================================================================
Received Import Request.
  Time since last request: 750.784230 seconds.
  path: Assets/Resources/Campaigns/fa26bFreeFlight.asset
  artifactKey: Guid(e8ff65953bbd05344af0796aac25b7b7) Importer(815301076,1909f56bfc062723c751e8b465ee728b)
Start importing Assets/Resources/Campaigns/fa26bFreeFlight.asset using Guid(e8ff65953bbd05344af0796aac25b7b7) Importer(815301076,1909f56bfc062723c751e8b465ee728b)  -> (artifact id: '91502eab9b9b1e0984c76184e4e5a692') in 0.242917 seconds 
========================================================================
Received Import Request.
  Time since last request: 19.427391 seconds.
  path: Assets/PrefabInstance/mpatexttest/Map.asset
  artifactKey: Guid(3b03aa5abbf745244b7aef51001a8316) Importer(815301076,1909f56bfc062723c751e8b465ee728b)
Start importing Assets/PrefabInstance/mpatexttest/Map.asset using Guid(3b03aa5abbf745244b7aef51001a8316) Importer(815301076,1909f56bfc062723c751e8b465ee728b)  -> (artifact id: '4c3d347c4326ca3a6b89810810f0dafa') in 0.385649 seconds 
========================================================================
Received Import Request.
  Time since last request: 6.022966 seconds.
  path: Assets/Material/mat_helmetDisplay.mat
  artifactKey: Guid(e26e64845ede1f049a9b55327e7b8971) Importer(815301076,1909f56bfc062723c751e8b465ee728b)
Start importing Assets/Material/mat_helmetDisplay.mat using Guid(e26e64845ede1f049a9b55327e7b8971) Importer(815301076,1909f56bfc062723c751e8b465ee728b)  -> (artifact id: 'ccfb16b8d36d87da204756b003fcf5f5') in 0.025063 seconds 
========================================================================
Received Import Request.
  Time since last request: 35.809352 seconds.
  path: Assets/Mesh/KnobMeshes/mirage2000pit/NailSwitch7.mesh
  artifactKey: Guid(848fcd2e08b909949824973ba4a78035) Importer(815301076,1909f56bfc062723c751e8b465ee728b)
Start importing Assets/Mesh/KnobMeshes/mirage2000pit/NailSwitch7.mesh using Guid(848fcd2e08b909949824973ba4a78035) Importer(815301076,1909f56bfc062723c751e8b465ee728b)  -> (artifact id: 'd5831ed7a82cafdd247a577fe0a5a1c4') in 0.185346 seconds 
========================================================================
Received Import Request.
  Time since last request: 13.511872 seconds.
  path: Assets/RenderTexture/TestNametagRT.renderTexture
  artifactKey: Guid(7aa70c13054f03b4ba9b5903e92d562e) Importer(815301076,1909f56bfc062723c751e8b465ee728b)
Start importing Assets/RenderTexture/TestNametagRT.renderTexture using Guid(7aa70c13054f03b4ba9b5903e92d562e) Importer(815301076,1909f56bfc062723c751e8b465ee728b)  -> (artifact id: 'a7f3a95bddd8078a54f3b986d0607a7b') in 0.018086 seconds 
========================================================================
Received Prepare
Shader 'Ethical Motion/Particles/Lit MultiLight': fallback shader 'Hidden/Ethical Motion/Particles/Lit Alpha Blend Shadow Fallback' not found
Shader 'Ethical Motion/Particles/Lit': fallback shader 'Hidden/Ethical Motion/Particles/Lit Alpha Blend Shadow Fallback' not found
Refreshing native plugins compatible for Editor in 35.35 ms, found 7 plugins.
Preloading 0 native plugins for Editor in 0.00 ms.
Unloading 58 Unused Serialized files (Serialized files now loaded: 0)
System memory in use before: 235.1 MB.
System memory in use after: 235.4 MB.

Unloading 58 unused Assets to reduce memory usage. Loaded Objects now: 5350.
Total: 9.084200 ms (FindLiveObjects: 0.435400 ms CreateObjectMapping: 0.329500 ms MarkObjects: 8.160800 ms  DeleteObjects: 0.157100 ms)

AssetImportParameters requested are different than current active one (requested -> active):
  custom:framework-win-MediaFoundation: 216162199b28c13a410421893ffa2e32 -> 
  custom:video-decoder-ogg-theora: a1e56fd34408186e4bbccfd4996cb3dc -> 
  custom:container-muxer-webm: aa71ff27fc2769a1b78a27578f13a17b -> 
  custom:container-demuxer-webm: 4f35f7cbe854078d1ac9338744f61a02 -> 
  custom:container-demuxer-ogg: 62fdf1f143b41e24485cea50d1cbac27 -> 
  custom:video-encoder-webm-vp8: eb34c28f22e8b96e1ab97ce403110664 -> 
  custom:video-codec-MediaFoundation-h265: e54d7ab0439102e2317fc1e4b246158d -> 
  custom:video-decoder-webm-vp8: 9c59270c3fd7afecdb556c50c9e8de78 -> 
  custom:audio-decoder-ogg-vorbis: bf7c407c2cedff20999df2af8eb42d56 -> 
  custom:audio-encoder-webm-vorbis: bf7c407c2cedff20999df2af8eb42d56 -> 
========================================================================
Received Import Request.
  Time since last request: 134.382818 seconds.
  path: Assets/PrefabInstance/NBDA/frenchmissiles/Resources/hpequips/f4pii/popeyex1.prefab
  artifactKey: Guid(c27e391182aa5aa48b8e8bca1991d8f6) Importer(815301076,1909f56bfc062723c751e8b465ee728b)
Start importing Assets/PrefabInstance/NBDA/frenchmissiles/Resources/hpequips/f4pii/popeyex1.prefab using Guid(c27e391182aa5aa48b8e8bca1991d8f6) Importer(815301076,1909f56bfc062723c751e8b465ee728b)  -> (artifact id: 'b6176be811361e7bac38e441a37ebd14') in 0.077652 seconds 
========================================================================
Received Prepare
Shader 'Ethical Motion/Particles/Lit MultiLight': fallback shader 'Hidden/Ethical Motion/Particles/Lit Alpha Blend Shadow Fallback' not found
Shader 'Ethical Motion/Particles/Lit': fallback shader 'Hidden/Ethical Motion/Particles/Lit Alpha Blend Shadow Fallback' not found
Refreshing native plugins compatible for Editor in 45.71 ms, found 7 plugins.
Preloading 0 native plugins for Editor in 0.00 ms.
Unloading 58 Unused Serialized files (Serialized files now loaded: 0)
System memory in use before: 237.1 MB.
System memory in use after: 237.3 MB.

Unloading 58 unused Assets to reduce memory usage. Loaded Objects now: 5350.
Total: 10.580100 ms (FindLiveObjects: 1.011100 ms CreateObjectMapping: 0.528600 ms MarkObjects: 8.924700 ms  DeleteObjects: 0.113400 ms)

AssetImportParameters requested are different than current active one (requested -> active):
  custom:framework-win-MediaFoundation: 216162199b28c13a410421893ffa2e32 -> 
  custom:video-decoder-ogg-theora: a1e56fd34408186e4bbccfd4996cb3dc -> 
  custom:container-muxer-webm: aa71ff27fc2769a1b78a27578f13a17b -> 
  custom:container-demuxer-webm: 4f35f7cbe854078d1ac9338744f61a02 -> 
  custom:container-demuxer-ogg: 62fdf1f143b41e24485cea50d1cbac27 -> 
  custom:video-encoder-webm-vp8: eb34c28f22e8b96e1ab97ce403110664 -> 
  custom:video-codec-MediaFoundation-h265: e54d7ab0439102e2317fc1e4b246158d -> 
  custom:video-decoder-webm-vp8: 9c59270c3fd7afecdb556c50c9e8de78 -> 
  custom:audio-decoder-ogg-vorbis: bf7c407c2cedff20999df2af8eb42d56 -> 
  custom:audio-encoder-webm-vorbis: bf7c407c2cedff20999df2af8eb42d56 -> 
AssetImportWorkerClient::OnTransportError - code=2 error=End of file
